info: ::1 - - [21/Oct/2024:06:02:32 +0000] "POST /api/v1/users/login HTTP/1.1" 500 46 "-" "PostmanRuntime/7.42.0"

info: ::1 - - [21/Oct/2024:06:15:10 +0000] "POST /api/v1/users/login HTTP/1.1" 500 46 "-" "PostmanRuntime/7.42.0"

info: ::1 - - [21/Oct/2024:07:20:53 +0000] "POST /api/v1/users/login HTTP/1.1" 500 46 "-" "PostmanRuntime/7.42.0"

info: ::1 - - [21/Oct/2024:07:21:35 +0000] "POST /api/v1/users/register HTTP/1.1" 500 55 "-" "PostmanRuntime/7.42.0"

info: ::1 - - [21/Oct/2024:07:24:37 +0000] "POST /api/v1/users/register HTTP/1.1" 500 85 "-" "PostmanRuntime/7.42.0"

info: ::1 - - [21/Oct/2024:07:24:54 +0000] "POST /api/v1/users/register HTTP/1.1" 500 89 "-" "PostmanRuntime/7.42.0"

info: ::1 - - [21/Oct/2024:07:25:12 +0000] "POST /api/v1/users/register HTTP/1.1" 500 89 "-" "PostmanRuntime/7.42.0"

info: ::1 - - [21/Oct/2024:07:25:45 +0000] "POST /api/v1/users/register HTTP/1.1" 500 69 "-" "PostmanRuntime/7.42.0"

info: ::1 - - [21/Oct/2024:07:26:42 +0000] "POST /api/v1/users/register HTTP/1.1" 201 238 "-" "PostmanRuntime/7.42.0"

info: ::1 - - [21/Oct/2024:07:29:06 +0000] "POST /api/v1/users/login HTTP/1.1" 500 46 "-" "PostmanRuntime/7.42.0"

info: ::1 - - [21/Oct/2024:07:29:31 +0000] "POST /api/v1/users/login HTTP/1.1" 500 46 "-" "PostmanRuntime/7.42.0"

info: ::1 - - [21/Oct/2024:07:29:50 +0000] "POST /api/v1/users/login HTTP/1.1" 400 56 "-" "PostmanRuntime/7.42.0"

info: ::1 - - [21/Oct/2024:07:30:17 +0000] "POST /api/v1/users/login HTTP/1.1" 400 56 "-" "PostmanRuntime/7.42.0"

info: ::1 - - [21/Oct/2024:07:32:51 +0000] "POST /api/v1/users/login HTTP/1.1" 200 463 "-" "PostmanRuntime/7.42.0"

info: ::1 - - [21/Oct/2024:07:34:09 +0000] "POST /api/v1/users/login HTTP/1.1" 200 267 "-" "PostmanRuntime/7.42.0"

info: ::1 - - [21/Oct/2024:07:38:29 +0000] "POST /api/v1/notes/create HTTP/1.1" 201 302 "-" "PostmanRuntime/7.42.0"

info: ::1 - - [21/Oct/2024:07:40:05 +0000] "POST /api/v1/notes/create HTTP/1.1" 201 305 "-" "PostmanRuntime/7.42.0"

info: ::1 - - [21/Oct/2024:07:40:53 +0000] "POST /api/v1/notes/get/67160232d8f51d248cddbab9 HTTP/1.1" 404 47 "-" "PostmanRuntime/7.42.0"

info: ::1 - - [21/Oct/2024:07:41:53 +0000] "POST /api/v1/notes/67160232d8f51d248cddbab9 HTTP/1.1" 404 47 "-" "PostmanRuntime/7.42.0"

info: ::1 - - [21/Oct/2024:07:43:51 +0000] "POST /api/v1/notes/user/67160232d8f51d248cddbab9 HTTP/1.1" 404 47 "-" "PostmanRuntime/7.42.0"

info: ::1 - - [21/Oct/2024:07:43:59 +0000] "POST /api/v1/notes/users/67160232d8f51d248cddbab9 HTTP/1.1" 404 47 "-" "PostmanRuntime/7.42.0"

info: ::1 - - [21/Oct/2024:07:52:17 +0000] "POST /api/v1/notes/67160232d8f51d248cddbab9 HTTP/1.1" 404 47 "-" "PostmanRuntime/7.42.0"

info: ::1 - - [21/Oct/2024:07:52:29 +0000] "POST /api/v1/notes/get/67160232d8f51d248cddbab9 HTTP/1.1" 404 47 "-" "PostmanRuntime/7.42.0"

info: ::1 - - [21/Oct/2024:07:53:38 +0000] "POST /api/v1/notes/get/user/67160232d8f51d248cddbab9 HTTP/1.1" 404 47 "-" "PostmanRuntime/7.42.0"

