info: ::1 - - [22/Oct/2024:04:41:03 +0000] "PUT /api/v1/notes/delete/67160555229a292ae04182f0 HTTP/1.1" 404 47 "-" "PostmanRuntime/7.42.0"

info: ::1 - - [22/Oct/2024:04:41:19 +0000] "POST /api/v1/notes/delete/67160555229a292ae04182f0 HTTP/1.1" 404 47 "-" "PostmanRuntime/7.42.0"

info: ::1 - - [22/Oct/2024:04:42:14 +0000] "POST /api/v1/notes/delete/67160555229a292ae04182f0 HTTP/1.1" 404 47 "-" "PostmanRuntime/7.42.0"

info: ::1 - - [22/Oct/2024:04:42:27 +0000] "PUT /api/v1/notes/delete/67160555229a292ae04182f0 HTTP/1.1" 404 47 "-" "PostmanRuntime/7.42.0"

info: ::1 - - [22/Oct/2024:04:42:50 +0000] "PUT /api/v1/notes/trash/67160555229a292ae04182f0 HTTP/1.1" 404 28 "-" "PostmanRuntime/7.42.0"

info: ::1 - - [22/Oct/2024:04:43:36 +0000] "PUT /api/v1/notes/trash/671604f5229a292ae04182ee HTTP/1.1" 200 308 "-" "PostmanRuntime/7.42.0"

info: ::1 - - [22/Oct/2024:05:22:47 +0000] "PUT /api/v1/notes/trash/671604f5229a292ae04182ee HTTP/1.1" 200 452 "-" "PostmanRuntime/7.42.0"

info: ::1 - - [22/Oct/2024:05:54:52 +0000] "GET /api/v1/notes/get/67160232d8f51d248cddbab9 HTTP/1.1" 200 628 "-" "PostmanRuntime/7.42.0"

info: ::1 - - [22/Oct/2024:09:30:25 +0000] "PUT /api/v1/notes/trash/671604f5229a292ae04182ee HTTP/1.1" 200 39 "-" "PostmanRuntime/7.42.0"

info: ::1 - - [22/Oct/2024:09:31:28 +0000] "PUT /api/v1/notes/delete/671604f5229a292ae04182ee HTTP/1.1" 404 47 "-" "PostmanRuntime/7.42.0"

info: ::1 - - [22/Oct/2024:09:31:37 +0000] "DELETE /api/v1/notes/delete/671604f5229a292ae04182ee HTTP/1.1" 400 81 "-" "PostmanRuntime/7.42.0"

info: ::1 - - [22/Oct/2024:09:32:23 +0000] "DELETE /api/v1/notes/delete/671604f5229a292ae04182ee HTTP/1.1" 200 39 "-" "PostmanRuntime/7.42.0"

info: ::1 - - [22/Oct/2024:09:34:04 +0000] "PUT /api/v1/notes/trash/6716305a9a20501b9cbb58cc HTTP/1.1" 200 39 "-" "PostmanRuntime/7.42.0"

info: ::1 - - [22/Oct/2024:09:35:42 +0000] "PUT /api/v1/notes/trash/6716305a9a20501b9cbb58cc HTTP/1.1" 200 39 "-" "PostmanRuntime/7.42.0"

info: ::1 - - [22/Oct/2024:09:58:21 +0000] "PUT /api/v1/notes/archive/6716305a9a20501b9cbb58cc HTTP/1.1" 200 39 "-" "PostmanRuntime/7.42.0"

info: ::1 - - [22/Oct/2024:10:02:51 +0000] "PUT /api/v1/notes/archive/6716305a9a20501b9cbb58cc HTTP/1.1" 200 39 "-" "PostmanRuntime/7.42.0"

info: ::1 - - [22/Oct/2024:10:03:52 +0000] "PUT /api/v1/notes/trash/6716305a9a20501b9cbb58cc HTTP/1.1" 200 39 "-" "PostmanRuntime/7.42.0"

info: ::1 - - [22/Oct/2024:10:06:49 +0000] "PUT /api/v1/notes/trash/6716305a9a20501b9cbb58cc HTTP/1.1" 200 39 "-" "PostmanRuntime/7.42.0"

info: ::1 - - [22/Oct/2024:10:07:46 +0000] "PUT /api/v1/notes/trash/6716305a9a20501b9cbb58cc HTTP/1.1" 200 39 "-" "PostmanRuntime/7.42.0"

info: ::1 - - [22/Oct/2024:10:08:24 +0000] "PUT /api/v1/notes/trash/6716305a9a20501b9cbb58cc HTTP/1.1" 200 39 "-" "PostmanRuntime/7.42.0"

info: ::1 - - [22/Oct/2024:10:09:10 +0000] "PUT /api/v1/notes/trash/6716305a9a20501b9cbb58cc HTTP/1.1" 200 39 "-" "PostmanRuntime/7.42.0"

info: ::1 - - [22/Oct/2024:10:10:16 +0000] "PUT /api/v1/notes/trash/6716305a9a20501b9cbb58cc HTTP/1.1" 200 39 "-" "PostmanRuntime/7.42.0"

info: ::1 - - [22/Oct/2024:10:10:39 +0000] "PUT /api/v1/notes/trash/6716305a9a20501b9cbb58cc HTTP/1.1" 200 39 "-" "PostmanRuntime/7.42.0"

info: ::1 - - [22/Oct/2024:10:10:51 +0000] "PUT /api/v1/notes/trash/6716305a9a20501b9cbb58cc HTTP/1.1" 200 39 "-" "PostmanRuntime/7.42.0"

info: ::1 - - [22/Oct/2024:10:13:39 +0000] "PUT /api/v1/notes/trash/6716305a9a20501b9cbb58cc HTTP/1.1" 200 39 "-" "PostmanRuntime/7.42.0"

info: ::1 - - [22/Oct/2024:10:14:25 +0000] "PUT /api/v1/notes/trash/6716305a9a20501b9cbb58cc HTTP/1.1" 200 39 "-" "PostmanRuntime/7.42.0"

info: ::1 - - [22/Oct/2024:10:30:24 +0000] "POST /api/v1/notes/create HTTP/1.1" 201 301 "-" "PostmanRuntime/7.42.0"

info: ::1 - - [22/Oct/2024:10:30:49 +0000] "POST /api/v1/notes/create HTTP/1.1" 201 302 "-" "PostmanRuntime/7.42.0"

info: ::1 - - [22/Oct/2024:10:31:02 +0000] "POST /api/v1/notes/create HTTP/1.1" 201 302 "-" "PostmanRuntime/7.42.0"

info: ::1 - - [22/Oct/2024:10:31:13 +0000] "POST /api/v1/notes/create HTTP/1.1" 201 302 "-" "PostmanRuntime/7.42.0"

info: ::1 - - [22/Oct/2024:10:33:03 +0000] "PUT /api/v1/notes/trash/67177ef1f6c182210c9fba15 HTTP/1.1" 200 39 "-" "PostmanRuntime/7.42.0"

info: ::1 - - [22/Oct/2024:10:33:53 +0000] "PUT /api/v1/notes/archive/67177ef1f6c182210c9fba15 HTTP/1.1" 200 39 "-" "PostmanRuntime/7.42.0"

info: ::1 - - [22/Oct/2024:10:35:00 +0000] "PUT /api/v1/notes/archive/67177ee6f6c182210c9fba13 HTTP/1.1" 200 39 "-" "PostmanRuntime/7.42.0"

