info: Server started at http://localhost:3000/api/v1/ {"timestamp":"2024-10-18T10:05:58.218Z"}
info: Connected to the database. {"timestamp":"2024-10-18T10:05:58.258Z"}
info: Server started at http://localhost:3000/api/v1/ {"timestamp":"2024-10-18T10:16:07.873Z"}
info: Connected to the database. {"timestamp":"2024-10-18T10:16:07.925Z"}
info: Server started at http://localhost:3000/api/v1/ {"timestamp":"2024-10-18T10:35:38.922Z"}
info: Connected to the database. {"timestamp":"2024-10-18T10:35:38.975Z"}
info: Server started at http://localhost:3000/api/v1/ {"timestamp":"2024-10-18T10:35:40.953Z"}
info: Connected to the database. {"timestamp":"2024-10-18T10:35:40.990Z"}
info: Server started at http://localhost:3000/api/v1/ {"timestamp":"2024-10-18T10:35:56.321Z"}
info: Connected to the database. {"timestamp":"2024-10-18T10:35:56.369Z"}
info: Server started at http://localhost:3000/api/v1/ {"timestamp":"2024-10-18T10:38:39.477Z"}
info: Connected to the database. {"timestamp":"2024-10-18T10:38:39.515Z"}
info: Server started at http://localhost:3000/api/v1/ {"timestamp":"2024-10-18T10:42:43.319Z"}
info: Connected to the database. {"timestamp":"2024-10-18T10:42:43.361Z"}
info: Server started at http://localhost:3000/api/v1/ {"timestamp":"2024-10-18T11:04:21.676Z"}
info: Connected to the database. {"timestamp":"2024-10-18T11:04:21.724Z"}
info: Server started at http://localhost:3000/api/v1/ {"timestamp":"2024-10-18T11:04:58.779Z"}
info: Connected to the database. {"timestamp":"2024-10-18T11:04:58.837Z"}
info: Server started at http://localhost:3000/api/v1/ {"timestamp":"2024-10-18T11:08:07.992Z"}
info: Connected to the database. {"timestamp":"2024-10-18T11:08:08.068Z"}
info: Server started at http://localhost:3000/api/v1/ {"timestamp":"2024-10-18T11:08:10.951Z"}
info: Connected to the database. {"timestamp":"2024-10-18T11:08:10.999Z"}
error: 
    status - 500 
    message - ValidationError: "username" is required 
    url - /api/v1/users/login 
    method - POST 
    IP - ::1
   {"timestamp":"2024-10-18T11:08:47.288Z"}
info: Server started at http://localhost:3000/api/v1/ {"timestamp":"2024-10-18T11:09:35.808Z"}
info: Connected to the database. {"timestamp":"2024-10-18T11:09:35.846Z"}
error: 
    status - 500 
    message - ValidationError: "email" is required 
    url - /api/v1/users/login 
    method - POST 
    IP - ::1
   {"timestamp":"2024-10-18T11:10:06.487Z"}
