error: uncaughtException: Cannot find module 'bycrypt'
Require stack:
- C:\Users\User\Documents\Bridge Labz\Fundoo_Notes\src\services\user.service.ts
- C:\Users\User\Documents\Bridge Labz\Fundoo_Notes\src\controllers\user.controller.ts
- C:\Users\User\Documents\Bridge Labz\Fundoo_Notes\src\routes\user.route.ts
- C:\Users\User\Documents\Bridge Labz\Fundoo_Notes\src\index.ts
Error: Cannot find module 'bycrypt'
Require stack:
- C:\Users\User\Documents\Bridge Labz\Fundoo_Notes\src\services\user.service.ts
- C:\Users\User\Documents\Bridge Labz\Fundoo_Notes\src\controllers\user.controller.ts
- C:\Users\User\Documents\Bridge Labz\Fundoo_Notes\src\routes\user.route.ts
- C:\Users\User\Documents\Bridge Labz\Fundoo_Notes\src\index.ts
    at Function.Module._resolveFilename (node:internal/modules/cjs/loader:1048:15)
    at Function.Module._load (node:internal/modules/cjs/loader:901:27)
    at Module.require (node:internal/modules/cjs/loader:1115:19)
    at require (node:internal/modules/helpers:130:18)
    at Object.<anonymous> (C:\Users\User\Documents\Bridge Labz\Fundoo_Notes\src\services\user.service.ts:3:1)
    at Module._compile (node:internal/modules/cjs/loader:1241:14)
    at Module._compile (C:\Users\User\Documents\Bridge Labz\Fundoo_Notes\node_modules\source-map-support\source-map-support.js:568:25)
    at Module.m._compile (C:\Users\User\AppData\Local\Temp\ts-node-dev-hook-8804924965156289.js:69:33)
    at Module._extensions..js (node:internal/modules/cjs/loader:1295:10)
    at require.extensions..jsx.require.extensions..js (C:\Users\User\AppData\Local\Temp\ts-node-dev-hook-8804924965156289.js:114:20)
    at require.extensions.<computed> (C:\Users\User\AppData\Local\Temp\ts-node-dev-hook-8804924965156289.js:71:20)
    at Object.nodeDevHook [as .ts] (C:\Users\User\Documents\Bridge Labz\Fundoo_Notes\node_modules\ts-node-dev\lib\hook.js:63:13)
    at Module.load (node:internal/modules/cjs/loader:1091:32)
    at Function.Module._load (node:internal/modules/cjs/loader:938:12)
    at Module.require (node:internal/modules/cjs/loader:1115:19)
    at require (node:internal/modules/helpers:130:18) {"date":"Thu Oct 17 2024 22:19:52 GMT+0530 (India Standard Time)","error":{"code":"MODULE_NOT_FOUND","requireStack":["C:\\Users\\User\\Documents\\Bridge Labz\\Fundoo_Notes\\src\\services\\user.service.ts","C:\\Users\\User\\Documents\\Bridge Labz\\Fundoo_Notes\\src\\controllers\\user.controller.ts","C:\\Users\\User\\Documents\\Bridge Labz\\Fundoo_Notes\\src\\routes\\user.route.ts","C:\\Users\\User\\Documents\\Bridge Labz\\Fundoo_Notes\\src\\index.ts"]},"exception":true,"os":{"loadavg":[0,0,0],"uptime":265004.796},"process":{"argv":["C:\\Program Files\\nodejs\\node.exe","./src/index.ts"],"cwd":"C:\\Users\\User\\Documents\\Bridge Labz\\Fundoo_Notes","execPath":"C:\\Program Files\\nodejs\\node.exe","gid":null,"memoryUsage":{"arrayBuffers":18381183,"external":20619152,"heapTotal":37851136,"heapUsed":25152752,"rss":68161536},"pid":38988,"uid":null,"version":"v20.6.1"},"stack":"Error: Cannot find module 'bycrypt'\nRequire stack:\n- C:\\Users\\User\\Documents\\Bridge Labz\\Fundoo_Notes\\src\\services\\user.service.ts\n- C:\\Users\\User\\Documents\\Bridge Labz\\Fundoo_Notes\\src\\controllers\\user.controller.ts\n- C:\\Users\\User\\Documents\\Bridge Labz\\Fundoo_Notes\\src\\routes\\user.route.ts\n- C:\\Users\\User\\Documents\\Bridge Labz\\Fundoo_Notes\\src\\index.ts\n    at Function.Module._resolveFilename (node:internal/modules/cjs/loader:1048:15)\n    at Function.Module._load (node:internal/modules/cjs/loader:901:27)\n    at Module.require (node:internal/modules/cjs/loader:1115:19)\n    at require (node:internal/modules/helpers:130:18)\n    at Object.<anonymous> (C:\\Users\\User\\Documents\\Bridge Labz\\Fundoo_Notes\\src\\services\\user.service.ts:3:1)\n    at Module._compile (node:internal/modules/cjs/loader:1241:14)\n    at Module._compile (C:\\Users\\User\\Documents\\Bridge Labz\\Fundoo_Notes\\node_modules\\source-map-support\\source-map-support.js:568:25)\n    at Module.m._compile (C:\\Users\\User\\AppData\\Local\\Temp\\ts-node-dev-hook-8804924965156289.js:69:33)\n    at Module._extensions..js (node:internal/modules/cjs/loader:1295:10)\n    at require.extensions..jsx.require.extensions..js (C:\\Users\\User\\AppData\\Local\\Temp\\ts-node-dev-hook-8804924965156289.js:114:20)\n    at require.extensions.<computed> (C:\\Users\\User\\AppData\\Local\\Temp\\ts-node-dev-hook-8804924965156289.js:71:20)\n    at Object.nodeDevHook [as .ts] (C:\\Users\\User\\Documents\\Bridge Labz\\Fundoo_Notes\\node_modules\\ts-node-dev\\lib\\hook.js:63:13)\n    at Module.load (node:internal/modules/cjs/loader:1091:32)\n    at Function.Module._load (node:internal/modules/cjs/loader:938:12)\n    at Module.require (node:internal/modules/cjs/loader:1115:19)\n    at require (node:internal/modules/helpers:130:18)","timestamp":"2024-10-17T16:49:52.507Z","trace":[{"column":15,"file":"node:internal/modules/cjs/loader","function":"Module._resolveFilename","line":1048,"method":"_resolveFilename","native":false},{"column":27,"file":"node:internal/modules/cjs/loader","function":"Module._load","line":901,"method":"_load","native":false},{"column":19,"file":"node:internal/modules/cjs/loader","function":"Module.require","line":1115,"method":"require","native":false},{"column":18,"file":"node:internal/modules/helpers","function":"require","line":130,"method":null,"native":false},{"column":1,"file":"C:\\Users\\User\\Documents\\Bridge Labz\\Fundoo_Notes\\src\\services\\user.service.ts","function":null,"line":3,"method":null,"native":false},{"column":14,"file":"node:internal/modules/cjs/loader","function":"Module._compile","line":1241,"method":"_compile","native":false},{"column":25,"file":"C:\\Users\\User\\Documents\\Bridge Labz\\Fundoo_Notes\\node_modules\\source-map-support\\source-map-support.js","function":"Module._compile","line":568,"method":"_compile","native":false},{"column":33,"file":"C:\\Users\\User\\AppData\\Local\\Temp\\ts-node-dev-hook-8804924965156289.js","function":"Module.m._compile","line":69,"method":"_compile","native":false},{"column":10,"file":"node:internal/modules/cjs/loader","function":"Module._extensions..js","line":1295,"method":".js","native":false},{"column":20,"file":"C:\\Users\\User\\AppData\\Local\\Temp\\ts-node-dev-hook-8804924965156289.js","function":"require.extensions..jsx.require.extensions..js","line":114,"method":".js","native":false},{"column":20,"file":"C:\\Users\\User\\AppData\\Local\\Temp\\ts-node-dev-hook-8804924965156289.js","function":"require.extensions.<computed>","line":71,"method":"<computed>","native":false},{"column":13,"file":"C:\\Users\\User\\Documents\\Bridge Labz\\Fundoo_Notes\\node_modules\\ts-node-dev\\lib\\hook.js","function":"Object.nodeDevHook [as .ts]","line":63,"method":"ts]","native":false},{"column":32,"file":"node:internal/modules/cjs/loader","function":"Module.load","line":1091,"method":"load","native":false},{"column":12,"file":"node:internal/modules/cjs/loader","function":"Module._load","line":938,"method":"_load","native":false},{"column":19,"file":"node:internal/modules/cjs/loader","function":"Module.require","line":1115,"method":"require","native":false},{"column":18,"file":"node:internal/modules/helpers","function":"require","line":130,"method":null,"native":false}]}
error: uncaughtException: Cannot find module 'bycrypt'
Require stack:
- C:\Users\User\Documents\Bridge Labz\Fundoo_Notes\src\services\user.service.ts
- C:\Users\User\Documents\Bridge Labz\Fundoo_Notes\src\controllers\user.controller.ts
- C:\Users\User\Documents\Bridge Labz\Fundoo_Notes\src\routes\user.route.ts
- C:\Users\User\Documents\Bridge Labz\Fundoo_Notes\src\index.ts
Error: Cannot find module 'bycrypt'
Require stack:
- C:\Users\User\Documents\Bridge Labz\Fundoo_Notes\src\services\user.service.ts
- C:\Users\User\Documents\Bridge Labz\Fundoo_Notes\src\controllers\user.controller.ts
- C:\Users\User\Documents\Bridge Labz\Fundoo_Notes\src\routes\user.route.ts
- C:\Users\User\Documents\Bridge Labz\Fundoo_Notes\src\index.ts
    at Function.Module._resolveFilename (node:internal/modules/cjs/loader:1048:15)
    at Function.Module._load (node:internal/modules/cjs/loader:901:27)
    at Module.require (node:internal/modules/cjs/loader:1115:19)
    at require (node:internal/modules/helpers:130:18)
    at Object.<anonymous> (C:\Users\User\Documents\Bridge Labz\Fundoo_Notes\src\services\user.service.ts:3:1)
    at Module._compile (node:internal/modules/cjs/loader:1241:14)
    at Module._compile (C:\Users\User\Documents\Bridge Labz\Fundoo_Notes\node_modules\source-map-support\source-map-support.js:568:25)
    at Module.m._compile (C:\Users\User\AppData\Local\Temp\ts-node-dev-hook-8804924965156289.js:69:33)
    at Module._extensions..js (node:internal/modules/cjs/loader:1295:10)
    at require.extensions..jsx.require.extensions..js (C:\Users\User\AppData\Local\Temp\ts-node-dev-hook-8804924965156289.js:114:20)
    at require.extensions.<computed> (C:\Users\User\AppData\Local\Temp\ts-node-dev-hook-8804924965156289.js:71:20)
    at Object.nodeDevHook [as .ts] (C:\Users\User\Documents\Bridge Labz\Fundoo_Notes\node_modules\ts-node-dev\lib\hook.js:63:13)
    at Module.load (node:internal/modules/cjs/loader:1091:32)
    at Function.Module._load (node:internal/modules/cjs/loader:938:12)
    at Module.require (node:internal/modules/cjs/loader:1115:19)
    at require (node:internal/modules/helpers:130:18) {"date":"Thu Oct 17 2024 22:29:35 GMT+0530 (India Standard Time)","error":{"code":"MODULE_NOT_FOUND","requireStack":["C:\\Users\\User\\Documents\\Bridge Labz\\Fundoo_Notes\\src\\services\\user.service.ts","C:\\Users\\User\\Documents\\Bridge Labz\\Fundoo_Notes\\src\\controllers\\user.controller.ts","C:\\Users\\User\\Documents\\Bridge Labz\\Fundoo_Notes\\src\\routes\\user.route.ts","C:\\Users\\User\\Documents\\Bridge Labz\\Fundoo_Notes\\src\\index.ts"]},"exception":true,"os":{"loadavg":[0,0,0],"uptime":265588.125},"process":{"argv":["C:\\Program Files\\nodejs\\node.exe","./src/index.ts"],"cwd":"C:\\Users\\User\\Documents\\Bridge Labz\\Fundoo_Notes","execPath":"C:\\Program Files\\nodejs\\node.exe","gid":null,"memoryUsage":{"arrayBuffers":18381183,"external":20619152,"heapTotal":37588992,"heapUsed":25021456,"rss":67952640},"pid":35752,"uid":null,"version":"v20.6.1"},"stack":"Error: Cannot find module 'bycrypt'\nRequire stack:\n- C:\\Users\\User\\Documents\\Bridge Labz\\Fundoo_Notes\\src\\services\\user.service.ts\n- C:\\Users\\User\\Documents\\Bridge Labz\\Fundoo_Notes\\src\\controllers\\user.controller.ts\n- C:\\Users\\User\\Documents\\Bridge Labz\\Fundoo_Notes\\src\\routes\\user.route.ts\n- C:\\Users\\User\\Documents\\Bridge Labz\\Fundoo_Notes\\src\\index.ts\n    at Function.Module._resolveFilename (node:internal/modules/cjs/loader:1048:15)\n    at Function.Module._load (node:internal/modules/cjs/loader:901:27)\n    at Module.require (node:internal/modules/cjs/loader:1115:19)\n    at require (node:internal/modules/helpers:130:18)\n    at Object.<anonymous> (C:\\Users\\User\\Documents\\Bridge Labz\\Fundoo_Notes\\src\\services\\user.service.ts:3:1)\n    at Module._compile (node:internal/modules/cjs/loader:1241:14)\n    at Module._compile (C:\\Users\\User\\Documents\\Bridge Labz\\Fundoo_Notes\\node_modules\\source-map-support\\source-map-support.js:568:25)\n    at Module.m._compile (C:\\Users\\User\\AppData\\Local\\Temp\\ts-node-dev-hook-8804924965156289.js:69:33)\n    at Module._extensions..js (node:internal/modules/cjs/loader:1295:10)\n    at require.extensions..jsx.require.extensions..js (C:\\Users\\User\\AppData\\Local\\Temp\\ts-node-dev-hook-8804924965156289.js:114:20)\n    at require.extensions.<computed> (C:\\Users\\User\\AppData\\Local\\Temp\\ts-node-dev-hook-8804924965156289.js:71:20)\n    at Object.nodeDevHook [as .ts] (C:\\Users\\User\\Documents\\Bridge Labz\\Fundoo_Notes\\node_modules\\ts-node-dev\\lib\\hook.js:63:13)\n    at Module.load (node:internal/modules/cjs/loader:1091:32)\n    at Function.Module._load (node:internal/modules/cjs/loader:938:12)\n    at Module.require (node:internal/modules/cjs/loader:1115:19)\n    at require (node:internal/modules/helpers:130:18)","timestamp":"2024-10-17T16:59:35.844Z","trace":[{"column":15,"file":"node:internal/modules/cjs/loader","function":"Module._resolveFilename","line":1048,"method":"_resolveFilename","native":false},{"column":27,"file":"node:internal/modules/cjs/loader","function":"Module._load","line":901,"method":"_load","native":false},{"column":19,"file":"node:internal/modules/cjs/loader","function":"Module.require","line":1115,"method":"require","native":false},{"column":18,"file":"node:internal/modules/helpers","function":"require","line":130,"method":null,"native":false},{"column":1,"file":"C:\\Users\\User\\Documents\\Bridge Labz\\Fundoo_Notes\\src\\services\\user.service.ts","function":null,"line":3,"method":null,"native":false},{"column":14,"file":"node:internal/modules/cjs/loader","function":"Module._compile","line":1241,"method":"_compile","native":false},{"column":25,"file":"C:\\Users\\User\\Documents\\Bridge Labz\\Fundoo_Notes\\node_modules\\source-map-support\\source-map-support.js","function":"Module._compile","line":568,"method":"_compile","native":false},{"column":33,"file":"C:\\Users\\User\\AppData\\Local\\Temp\\ts-node-dev-hook-8804924965156289.js","function":"Module.m._compile","line":69,"method":"_compile","native":false},{"column":10,"file":"node:internal/modules/cjs/loader","function":"Module._extensions..js","line":1295,"method":".js","native":false},{"column":20,"file":"C:\\Users\\User\\AppData\\Local\\Temp\\ts-node-dev-hook-8804924965156289.js","function":"require.extensions..jsx.require.extensions..js","line":114,"method":".js","native":false},{"column":20,"file":"C:\\Users\\User\\AppData\\Local\\Temp\\ts-node-dev-hook-8804924965156289.js","function":"require.extensions.<computed>","line":71,"method":"<computed>","native":false},{"column":13,"file":"C:\\Users\\User\\Documents\\Bridge Labz\\Fundoo_Notes\\node_modules\\ts-node-dev\\lib\\hook.js","function":"Object.nodeDevHook [as .ts]","line":63,"method":"ts]","native":false},{"column":32,"file":"node:internal/modules/cjs/loader","function":"Module.load","line":1091,"method":"load","native":false},{"column":12,"file":"node:internal/modules/cjs/loader","function":"Module._load","line":938,"method":"_load","native":false},{"column":19,"file":"node:internal/modules/cjs/loader","function":"Module.require","line":1115,"method":"require","native":false},{"column":18,"file":"node:internal/modules/helpers","function":"require","line":130,"method":null,"native":false}]}
error: uncaughtException: listen EADDRINUSE: address already in use :::3000
Error: listen EADDRINUSE: address already in use :::3000
    at Server.setupListenHandle [as _listen2] (node:net:1872:16)
    at listenInCluster (node:net:1920:12)
    at Server.listen (node:net:2008:7)
    at Function.listen (C:\Users\User\Documents\Bridge Labz\Fundoo_Notes\node_modules\express\lib\application.js:635:24)
    at Object.<anonymous> (C:\Users\User\Documents\Bridge Labz\Fundoo_Notes\src\index.ts:97:8)
    at Module._compile (node:internal/modules/cjs/loader:1241:14)
    at Module._compile (C:\Users\User\Documents\Bridge Labz\Fundoo_Notes\node_modules\source-map-support\source-map-support.js:568:25)
    at Module.m._compile (C:\Users\User\AppData\Local\Temp\ts-node-dev-hook-6317683205251166.js:69:33)
    at Module._extensions..js (node:internal/modules/cjs/loader:1295:10)
    at require.extensions..jsx.require.extensions..js (C:\Users\User\AppData\Local\Temp\ts-node-dev-hook-6317683205251166.js:114:20)
    at require.extensions.<computed> (C:\Users\User\AppData\Local\Temp\ts-node-dev-hook-6317683205251166.js:71:20)
    at Object.nodeDevHook [as .ts] (C:\Users\User\Documents\Bridge Labz\Fundoo_Notes\node_modules\ts-node-dev\lib\hook.js:63:13)
    at Module.load (node:internal/modules/cjs/loader:1091:32)
    at Function.Module._load (node:internal/modules/cjs/loader:938:12)
    at Module.require (node:internal/modules/cjs/loader:1115:19)
    at require (node:internal/modules/helpers:130:18) {"date":"Thu Oct 17 2024 22:32:46 GMT+0530 (India Standard Time)","error":{"address":"::","code":"EADDRINUSE","errno":-4091,"port":3000,"syscall":"listen"},"exception":true,"os":{"loadavg":[0,0,0],"uptime":265778.687},"process":{"argv":["C:\\Program Files\\nodejs\\node.exe","./src/index.ts"],"cwd":"C:\\Users\\User\\Documents\\Bridge Labz\\Fundoo_Notes","execPath":"C:\\Program Files\\nodejs\\node.exe","gid":null,"memoryUsage":{"arrayBuffers":18404328,"external":20638833,"heapTotal":58060800,"heapUsed":33266624,"rss":77107200},"pid":34576,"uid":null,"version":"v20.6.1"},"stack":"Error: listen EADDRINUSE: address already in use :::3000\n    at Server.setupListenHandle [as _listen2] (node:net:1872:16)\n    at listenInCluster (node:net:1920:12)\n    at Server.listen (node:net:2008:7)\n    at Function.listen (C:\\Users\\User\\Documents\\Bridge Labz\\Fundoo_Notes\\node_modules\\express\\lib\\application.js:635:24)\n    at Object.<anonymous> (C:\\Users\\User\\Documents\\Bridge Labz\\Fundoo_Notes\\src\\index.ts:97:8)\n    at Module._compile (node:internal/modules/cjs/loader:1241:14)\n    at Module._compile (C:\\Users\\User\\Documents\\Bridge Labz\\Fundoo_Notes\\node_modules\\source-map-support\\source-map-support.js:568:25)\n    at Module.m._compile (C:\\Users\\User\\AppData\\Local\\Temp\\ts-node-dev-hook-6317683205251166.js:69:33)\n    at Module._extensions..js (node:internal/modules/cjs/loader:1295:10)\n    at require.extensions..jsx.require.extensions..js (C:\\Users\\User\\AppData\\Local\\Temp\\ts-node-dev-hook-6317683205251166.js:114:20)\n    at require.extensions.<computed> (C:\\Users\\User\\AppData\\Local\\Temp\\ts-node-dev-hook-6317683205251166.js:71:20)\n    at Object.nodeDevHook [as .ts] (C:\\Users\\User\\Documents\\Bridge Labz\\Fundoo_Notes\\node_modules\\ts-node-dev\\lib\\hook.js:63:13)\n    at Module.load (node:internal/modules/cjs/loader:1091:32)\n    at Function.Module._load (node:internal/modules/cjs/loader:938:12)\n    at Module.require (node:internal/modules/cjs/loader:1115:19)\n    at require (node:internal/modules/helpers:130:18)","timestamp":"2024-10-17T17:02:46.395Z","trace":[{"column":16,"file":"node:net","function":"Server.setupListenHandle [as _listen2]","line":1872,"method":"setupListenHandle [as _listen2]","native":false},{"column":12,"file":"node:net","function":"listenInCluster","line":1920,"method":null,"native":false},{"column":7,"file":"node:net","function":"Server.listen","line":2008,"method":"listen","native":false},{"column":24,"file":"C:\\Users\\User\\Documents\\Bridge Labz\\Fundoo_Notes\\node_modules\\express\\lib\\application.js","function":"Function.listen","line":635,"method":"listen","native":false},{"column":8,"file":"C:\\Users\\User\\Documents\\Bridge Labz\\Fundoo_Notes\\src\\index.ts","function":null,"line":97,"method":null,"native":false},{"column":14,"file":"node:internal/modules/cjs/loader","function":"Module._compile","line":1241,"method":"_compile","native":false},{"column":25,"file":"C:\\Users\\User\\Documents\\Bridge Labz\\Fundoo_Notes\\node_modules\\source-map-support\\source-map-support.js","function":"Module._compile","line":568,"method":"_compile","native":false},{"column":33,"file":"C:\\Users\\User\\AppData\\Local\\Temp\\ts-node-dev-hook-6317683205251166.js","function":"Module.m._compile","line":69,"method":"_compile","native":false},{"column":10,"file":"node:internal/modules/cjs/loader","function":"Module._extensions..js","line":1295,"method":".js","native":false},{"column":20,"file":"C:\\Users\\User\\AppData\\Local\\Temp\\ts-node-dev-hook-6317683205251166.js","function":"require.extensions..jsx.require.extensions..js","line":114,"method":".js","native":false},{"column":20,"file":"C:\\Users\\User\\AppData\\Local\\Temp\\ts-node-dev-hook-6317683205251166.js","function":"require.extensions.<computed>","line":71,"method":"<computed>","native":false},{"column":13,"file":"C:\\Users\\User\\Documents\\Bridge Labz\\Fundoo_Notes\\node_modules\\ts-node-dev\\lib\\hook.js","function":"Object.nodeDevHook [as .ts]","line":63,"method":"ts]","native":false},{"column":32,"file":"node:internal/modules/cjs/loader","function":"Module.load","line":1091,"method":"load","native":false},{"column":12,"file":"node:internal/modules/cjs/loader","function":"Module._load","line":938,"method":"_load","native":false},{"column":19,"file":"node:internal/modules/cjs/loader","function":"Module.require","line":1115,"method":"require","native":false},{"column":18,"file":"node:internal/modules/helpers","function":"require","line":130,"method":null,"native":false}]}
info: Server started at http://localhost:3000/api/v1/ {"timestamp":"2024-10-18T10:05:58.218Z"}
info: Connected to the database. {"timestamp":"2024-10-18T10:05:58.258Z"}
info: Server started at http://localhost:3000/api/v1/ {"timestamp":"2024-10-18T10:16:07.873Z"}
info: Connected to the database. {"timestamp":"2024-10-18T10:16:07.925Z"}
