info: ::1 - - [18/Oct/2024:10:06:31 +0000] "POST /api/auth/register HTTP/1.1" 404 47 "-" "PostmanRuntime/7.42.0"

info: ::1 - - [18/Oct/2024:10:08:28 +0000] "POST /api/auth/register HTTP/1.1" 404 47 "-" "PostmanRuntime/7.42.0"

info: ::1 - - [18/Oct/2024:10:09:39 +0000] "POST /api/v1/register HTTP/1.1" 404 47 "-" "PostmanRuntime/7.42.0"

info: ::1 - - [18/Oct/2024:10:10:18 +0000] "POST /api/v1/users/register HTTP/1.1" 201 234 "-" "PostmanRuntime/7.42.0"

info: ::1 - - [18/Oct/2024:10:12:53 +0000] "GET /api/v1 HTTP/1.1" 200 9 "-" "PostmanRuntime/7.42.0"

info: ::1 - - [18/Oct/2024:10:39:27 +0000] "GET /api/v1/users/register HTTP/1.1" 404 47 "-" "PostmanRuntime/7.42.0"

info: ::1 - - [18/Oct/2024:10:42:59 +0000] "GET /api/v1/users/register HTTP/1.1" 404 47 "-" "PostmanRuntime/7.42.0"

info: ::1 - - [18/Oct/2024:10:43:01 +0000] "GET /api/v1/users/register HTTP/1.1" 404 47 "-" "PostmanRuntime/7.42.0"

info: ::1 - - [18/Oct/2024:10:45:06 +0000] "GET /api/v1/users/login HTTP/1.1" 404 47 "-" "PostmanRuntime/7.42.0"

info: ::1 - - [18/Oct/2024:10:46:48 +0000] "POST /api/v1/users/login HTTP/1.1" 400 110 "-" "PostmanRuntime/7.42.0"

info: ::1 - - [18/Oct/2024:10:47:00 +0000] "POST /api/v1/users/register HTTP/1.1" 201 235 "-" "PostmanRuntime/7.42.0"

info: ::1 - - [18/Oct/2024:11:08:47 +0000] "POST /api/v1/users/login HTTP/1.1" 500 59 "-" "PostmanRuntime/7.42.0"

info: ::1 - - [18/Oct/2024:11:08:56 +0000] "POST /api/v1/users/login HTTP/1.1" 200 223 "-" "PostmanRuntime/7.42.0"

info: ::1 - - [18/Oct/2024:11:09:49 +0000] "POST /api/v1/users/login HTTP/1.1" 200 223 "-" "PostmanRuntime/7.42.0"

info: ::1 - - [18/Oct/2024:11:10:06 +0000] "POST /api/v1/users/login HTTP/1.1" 500 56 "-" "PostmanRuntime/7.42.0"

info: ::1 - - [18/Oct/2024:11:13:19 +0000] "POST /api/v1/users/login HTTP/1.1" 200 223 "-" "PostmanRuntime/7.42.0"

info: ::1 - - [18/Oct/2024:11:13:30 +0000] "POST /api/v1/users/login HTTP/1.1" 200 223 "-" "PostmanRuntime/7.42.0"

info: ::1 - - [18/Oct/2024:11:14:10 +0000] "POST /api/v1/users/login HTTP/1.1" 500 62 "-" "PostmanRuntime/7.42.0"

info: ::1 - - [20/Oct/2024:13:54:28 +0000] "GET /api/v1/ HTTP/1.1" 200 9 "-" "Mozilla/5.0 (Windows NT 10.0; Win64; x64) AppleWebKit/537.36 (KHTML, like Gecko) Chrome/129.0.0.0 Safari/537.36"

info: ::1 - - [20/Oct/2024:13:54:28 +0000] "GET /favicon.ico HTTP/1.1" 404 47 "-" "Mozilla/5.0 (Windows NT 10.0; Win64; x64) AppleWebKit/537.36 (KHTML, like Gecko) Chrome/129.0.0.0 Safari/537.36"

info: ::1 - - [20/Oct/2024:13:54:33 +0000] "GET /api/v1/ HTTP/1.1" 304 - "-" "Mozilla/5.0 (Windows NT 10.0; Win64; x64) AppleWebKit/537.36 (KHTML, like Gecko) Chrome/129.0.0.0 Safari/537.36"

info: ::1 - - [20/Oct/2024:13:56:31 +0000] "POST /api/v1/users/register HTTP/1.1" 500 55 "-" "PostmanRuntime/7.42.0"

info: ::1 - - [20/Oct/2024:13:56:59 +0000] "POST /api/v1/users/login HTTP/1.1" 200 223 "-" "PostmanRuntime/7.42.0"

info: ::1 - - [20/Oct/2024:13:58:43 +0000] "POST /api/v1/users/login HTTP/1.1" 200 484 "-" "PostmanRuntime/7.42.0"

info: ::1 - - [20/Oct/2024:14:01:32 +0000] "POST /api/v1/users/login HTTP/1.1" 400 50 "-" "PostmanRuntime/7.42.0"

info: ::1 - - [20/Oct/2024:14:03:54 +0000] "POST /api/v1/users/login HTTP/1.1" 200 484 "-" "PostmanRuntime/7.42.0"

info: ::1 - - [20/Oct/2024:14:08:32 +0000] "POST /api/v1/users/login HTTP/1.1" 400 56 "-" "PostmanRuntime/7.42.0"

info: ::1 - - [20/Oct/2024:14:13:42 +0000] "POST /api/v1/users/login HTTP/1.1" 200 484 "-" "PostmanRuntime/7.42.0"

info: ::1 - - [20/Oct/2024:14:14:21 +0000] "POST /api/v1/users/login HTTP/1.1" 200 484 "-" "PostmanRuntime/7.42.0"

info: ::1 - - [20/Oct/2024:14:14:36 +0000] "POST /api/v1/users/login HTTP/1.1" 500 52 "-" "PostmanRuntime/7.42.0"

info: ::1 - - [20/Oct/2024:14:21:18 +0000] "POST /api/v1/users/login HTTP/1.1" 200 484 "-" "PostmanRuntime/7.42.0"

